proguard/seeds.txt
uk.co.armedpineapple.cth.CTHActivity: CTHActivity()
uk.co.armedpineapple.cth.CTHBackupAgent
uk.co.armedpineapple.cth.CTHBackupAgent: CTHBackupAgent()
uk.co.armedpineapple.cth.CorsixTHApplication
uk.co.armedpineapple.cth.CorsixTHApplication: CorsixTHApplication()
uk.co.armedpineapple.cth.PrefsActivity
uk.co.armedpineapple.cth.PrefsActivity: PrefsActivity()
uk.co.armedpineapple.cth.R$animator: int menu_slidein
uk.co.armedpineapple.cth.R$animator: int menu_slideout
uk.co.armedpineapple.cth.R$animator: int wizard_anim_slideinleft
uk.co.armedpineapple.cth.R$animator: int wizard_anim_slideinright
uk.co.armedpineapple.cth.R$animator: int wizard_anim_slideoutleft
uk.co.armedpineapple.cth.R$animator: int wizard_anim_slideoutright
uk.co.armedpineapple.cth.R$array: int gamespeed
uk.co.armedpineapple.cth.R$array: int languages
uk.co.armedpineapple.cth.R$array: int languages_values
uk.co.armedpineapple.cth.R$array: int resolutions
uk.co.armedpineapple.cth.R$array: int resolutions_values
uk.co.armedpineapple.cth.R$array: int volumes
uk.co.armedpineapple.cth.R$color: int MenuButtonBackground
uk.co.armedpineapple.cth.R$color: int background
uk.co.armedpineapple.cth.R$color: int transparent
uk.co.armedpineapple.cth.R$drawable: int cth
uk.co.armedpineapple.cth.R$drawable: int ic_back
uk.co.armedpineapple.cth.R$drawable: int ic_launcher
uk.co.armedpineapple.cth.R$drawable: int ic_menu
uk.co.armedpineapple.cth.R$drawable: int ic_menu_add
uk.co.armedpineapple.cth.R$drawable: int ic_menu_back
uk.co.armedpineapple.cth.R$drawable: int ic_menu_exit
uk.co.armedpineapple.cth.R$drawable: int ic_menu_forward
uk.co.armedpineapple.cth.R$drawable: int ic_menu_help
uk.co.armedpineapple.cth.R$drawable: int ic_menu_load
uk.co.armedpineapple.cth.R$drawable: int ic_menu_manage
uk.co.armedpineapple.cth.R$drawable: int ic_menu_restart
uk.co.armedpineapple.cth.R$drawable: int ic_menu_save
uk.co.armedpineapple.cth.R$drawable: int ic_menu_wizard
uk.co.armedpineapple.cth.R$drawable: int ic_pause
uk.co.armedpineapple.cth.R$drawable: int ic_settings
uk.co.armedpineapple.cth.R$id: int MenuDialogLayout
uk.co.armedpineapple.cth.R$id: int MenuDialogListView
uk.co.armedpineapple.cth.R$id: int RelativeLayout1
uk.co.armedpineapple.cth.R$id: int aboutScroller
uk.co.armedpineapple.cth.R$id: int aboutTextView
uk.co.armedpineapple.cth.R$id: int advancedHeader
uk.co.armedpineapple.cth.R$id: int advancedText
uk.co.armedpineapple.cth.R$id: int announcerCheck
uk.co.armedpineapple.cth.R$id: int audioCheck
uk.co.armedpineapple.cth.R$id: int audioHeader
uk.co.armedpineapple.cth.R$id: int audioText
uk.co.armedpineapple.cth.R$id: int automaticRadio
uk.co.armedpineapple.cth.R$id: int changesScroller
uk.co.armedpineapple.cth.R$id: int changesTextView
uk.co.armedpineapple.cth.R$id: int customResolutionRadio
uk.co.armedpineapple.cth.R$id: int debugCheck
uk.co.armedpineapple.cth.R$id: int defaultResolutionRadio
uk.co.armedpineapple.cth.R$id: int dismissDialogButton
uk.co.armedpineapple.cth.R$id: int displayHeader
uk.co.armedpineapple.cth.R$id: int displayRadioGroup
uk.co.armedpineapple.cth.R$id: int downloadDemoRadio
uk.co.armedpineapple.cth.R$id: int filesList
uk.co.armedpineapple.cth.R$id: int flipper
uk.co.armedpineapple.cth.R$id: int fxCheck
uk.co.armedpineapple.cth.R$id: int game_frame
uk.co.armedpineapple.cth.R$id: int gamespeed_layout
uk.co.armedpineapple.cth.R$id: int gamespeed_ok
uk.co.armedpineapple.cth.R$id: int gamespeed_seek
uk.co.armedpineapple.cth.R$id: int gamespeed_text
uk.co.armedpineapple.cth.R$id: int headerImage
...
com.flurry.org.codehaus.jackson.annotate.JsonSubTypes$Type
com.flurry.org.codehaus.jackson.annotate.JsonSubTypes$Type: java.lang.Class value()
com.flurry.org.codehaus.jackson.annotate.JsonSubTypes$Type: java.lang.String name()
com.flurry.org.codehaus.jackson.annotate.JsonTypeInfo
com.flurry.org.codehaus.jackson.annotate.JsonTypeInfo: com.flurry.org.codehaus.jackson.annotate.JsonTypeInfo$Id use()
com.flurry.org.codehaus.jackson.annotate.JsonTypeInfo: com.flurry.org.codehaus.jackson.annotate.JsonTypeInfo$As include()
com.flurry.org.codehaus.jackson.annotate.JsonTypeInfo: java.lang.String property()
com.flurry.org.codehaus.jackson.annotate.JsonTypeInfo: java.lang.Class defaultImpl()
com.flurry.org.codehaus.jackson.annotate.JsonTypeInfo$As
com.flurry.org.codehaus.jackson.annotate.JsonTypeInfo$As: com.flurry.org.codehaus.jackson.annotate.JsonTypeInfo$As PROPERTY
com.flurry.org.codehaus.jackson.annotate.JsonTypeInfo$As: com.flurry.org.codehaus.jackson.annotate.JsonTypeInfo$As WRAPPER_OBJECT
com.flurry.org.codehaus.jackson.annotate.JsonTypeInfo$As: com.flurry.org.codehaus.jackson.annotate.JsonTypeInfo$As WRAPPER_ARRAY
com.flurry.org.codehaus.jackson.annotate.JsonTypeInfo$As: com.flurry.org.codehaus.jackson.annotate.JsonTypeInfo$As EXTERNAL_PROPERTY
com.flurry.org.codehaus.jackson.annotate.JsonTypeInfo$As: com.flurry.org.codehaus.jackson.annotate.JsonTypeInfo$As[] $VALUES
com.flurry.org.codehaus.jackson.annotate.JsonTypeInfo$As: com.flurry.org.codehaus.jackson.annotate.JsonTypeInfo$As[] values()
com.flurry.org.codehaus.jackson.annotate.JsonTypeInfo$As: com.flurry.org.codehaus.jackson.annotate.JsonTypeInfo$As valueOf(java.lang.String)
com.flurry.org.codehaus.jackson.annotate.JsonTypeInfo$As: JsonTypeInfo$As(java.lang.String,int)
com.flurry.org.codehaus.jackson.annotate.JsonTypeInfo$As: void <clinit>()
com.flurry.org.codehaus.jackson.annotate.JsonTypeInfo$Id
com.flurry.org.codehaus.jackson.annotate.JsonTypeInfo$Id: com.flurry.org.codehaus.jackson.annotate.JsonTypeInfo$Id NONE
com.flurry.org.codehaus.jackson.annotate.JsonTypeInfo$Id: com.flurry.org.codehaus.jackson.annotate.JsonTypeInfo$Id CLASS
com.flurry.org.codehaus.jackson.annotate.JsonTypeInfo$Id: com.flurry.org.codehaus.jackson.annotate.JsonTypeInfo$Id MINIMAL_CLASS
com.flurry.org.codehaus.jackson.annotate.JsonTypeInfo$Id: com.flurry.org.codehaus.jackson.annotate.JsonTypeInfo$Id NAME
com.flurry.org.codehaus.jackson.annotate.JsonTypeInfo$Id: com.flurry.org.codehaus.jackson.annotate.JsonTypeInfo$Id CUSTOM
com.flurry.org.codehaus.jackson.annotate.JsonTypeInfo$Id: java.lang.String _defaultPropertyName
com.flurry.org.codehaus.jackson.annotate.JsonTypeInfo$Id: com.flurry.org.codehaus.jackson.annotate.JsonTypeInfo$Id[] $VALUES
com.flurry.org.codehaus.jackson.annotate.JsonTypeInfo$Id: com.flurry.org.codehaus.jackson.annotate.JsonTypeInfo$Id[] values()
com.flurry.org.codehaus.jackson.annotate.JsonTypeInfo$Id: com.flurry.org.codehaus.jackson.annotate.JsonTypeInfo$Id valueOf(java.lang.String)
com.flurry.org.codehaus.jackson.annotate.JsonTypeInfo$Id: JsonTypeInfo$Id(java.lang.String,int,java.lang.String)
com.flurry.org.codehaus.jackson.annotate.JsonTypeInfo$Id: java.lang.String getDefaultPropertyName()
com.flurry.org.codehaus.jackson.annotate.JsonTypeInfo$Id: void <clinit>()
com.flurry.org.codehaus.jackson.annotate.JsonTypeInfo$None
com.flurry.org.codehaus.jackson.annotate.JsonTypeInfo$None: JsonTypeInfo$None()
com.flurry.org.codehaus.jackson.annotate.JsonTypeName
com.flurry.org.codehaus.jackson.annotate.JsonTypeName: java.lang.String value()
com.flurry.org.codehaus.jackson.annotate.JsonUnwrapped
com.flurry.org.codehaus.jackson.annotate.JsonUnwrapped: boolean enabled()
com.flurry.org.codehaus.jackson.annotate.JsonValue
com.flurry.org.codehaus.jackson.annotate.JsonValue: boolean value()
com.flurry.org.codehaus.jackson.annotate.JsonWriteNullProperties
com.flurry.org.codehaus.jackson.annotate.JsonWriteNullProperties: boolean value()