proguard/mapping.txt
uk.co.armedpineapple.cth.AsyncTaskResult -> uk.co.armedpineapple.cth.a:
    java.lang.Object result -> a
    java.lang.Exception error -> b
uk.co.armedpineapple.cth.CTHActivity -> uk.co.armedpineapple.cth.b:
    boolean trackingSession -> a
    22:42:void onStart() -> onStart
    46:51:void onStop() -> onStop
    54:54:uk.co.armedpineapple.cth.CorsixTHApplication getCthApplication() -> a
uk.co.armedpineapple.cth.CTHBackupAgent -> uk.co.armedpineapple.cth.CTHBackupAgent:
    18:19:void onCreate() -> onCreate
    24:33:void onRestore(android.app.backup.BackupDataInput,int,android.os.ParcelFileDescriptor) -> onRestore
uk.co.armedpineapple.cth.CTHBackupAgent$PrefBackupHelper -> uk.co.armedpineapple.cth.c:
    uk.co.armedpineapple.cth.CTHBackupAgent this$0 -> a
uk.co.armedpineapple.cth.Configuration -> uk.co.armedpineapple.cth.d:
    java.lang.String originalFilesPath -> a
    java.lang.String cthPath -> b
    java.lang.String language -> c
    java.lang.Boolean globalAudio -> d
    java.lang.Boolean playMusic -> e
    java.lang.Boolean playAnnouncements -> f
    java.lang.Boolean playSoundFx -> g
    java.lang.Boolean keepScreenOn -> h
    java.lang.Boolean debug -> i
    java.lang.Integer musicVol -> j
    java.lang.Integer announcementsVol -> k
    java.lang.Integer sfxVol -> l
    java.lang.Integer resolutionMode -> m
    java.lang.Integer displayWidth -> n
    java.lang.Integer displayHeight -> o
    java.lang.Integer gameSpeed -> p
    java.lang.String saveGamesPath -> q
    62:81:void saveToPreferences(android.content.SharedPreferences) -> a
    94:159:uk.co.armedpineapple.cth.Configuration loadFromPreferences(android.content.Context,android.content.SharedPreferences) -> a
    170:244:void writeToFile() -> a
    249:249:java.lang.Boolean getKeepScreenOn() -> b
    253:253:java.lang.String getOriginalFilesPath() -> c
    257:257:java.lang.String getCthPath() -> d
    265:265:java.lang.Boolean getPlayMusic() -> e
    269:269:java.lang.Boolean getPlayAnnouncements() -> f
    273:273:java.lang.Boolean getPlaySoundFx() -> g
    293:293:java.lang.Integer getResolutionMode() -> h
    297:297:java.lang.Integer getDisplayWidth() -> i
    301:301:java.lang.Integer getDisplayHeight() -> j
    305:305:java.lang.Boolean getDebug() -> k
uk.co.armedpineapple.cth.ConfigurationException -> uk.co.armedpineapple.cth.e:
uk.co.armedpineapple.cth.CorsixTHApplication -> uk.co.armedpineapple.cth.CorsixTHApplication:
    android.content.SharedPreferences preferences -> a
    uk.co.armedpineapple.cth.Configuration configuration -> b
    java.util.Properties properties -> c
    28:52:void onCreate() -> onCreate
    63:63:android.content.SharedPreferences getPreferences() -> a
    68:68:uk.co.armedpineapple.cth.Configuration getConfiguration() -> b
    72:72:java.util.Properties getProperties() -> c
uk.co.armedpineapple.cth.Files -> uk.co.armedpineapple.cth.f:
    java.lang.String[] RequiredSoundFiles -> a
    java.lang.String[] RequiredMusicFiles -> b
    java.lang.String[] RequiredDataFiles -> c
    java.lang.String[] SearchRoot -> d
    java.lang.String[] SearchDirs -> e
    72:73:java.lang.Boolean doesFileExist(java.lang.String) -> a
    84:84:java.lang.String trimPath(java.lang.String) -> b
    94:94:java.lang.String getExtStoragePath() -> a
    106:106:java.lang.Boolean hasDataFiles(java.lang.String) -> c
    117:117:java.lang.Boolean hasMusicFiles(java.lang.String) -> d
    144:161:java.lang.Boolean doFilesExist(java.lang.String[],java.lang.String) -> a
    173:173:boolean canAccessExternalStorage() -> b
    194:218:java.util.List listFilesInDirectory(java.lang.String,java.io.FilenameFilter) -> a
    236:249:java.lang.String readTextFromResource(android.content.Context,int) -> a
    380:416:void copyAsset(android.content.Context,java.lang.String,java.lang.String) -> a
    54:54:java.lang.String[] access$0() -> c
    57:57:java.lang.String[] access$1() -> d
...
com.flurry.org.codehaus.jackson.map.introspect.MemberKey -> com.flurry.org.codehaus.jackson.map.introspect.MemberKey:
    java.lang.Class[] NO_CLASSES -> NO_CLASSES
    java.lang.String _name -> _name
    java.lang.Class[] _argTypes -> _argTypes
    36:36:java.lang.String toString() -> toString
    42:42:int hashCode() -> hashCode
    48:81:boolean equals(java.lang.Object) -> equals
com.flurry.org.codehaus.jackson.map.introspect.MethodFilter -> com.flurry.org.codehaus.jackson.map.introspect.MethodFilter:
    boolean includeMethod(java.lang.reflect.Method) -> includeMethod
com.flurry.org.codehaus.jackson.map.introspect.NopAnnotationIntrospector -> com.flurry.org.codehaus.jackson.map.introspect.NopAnnotationIntrospector:
    com.flurry.org.codehaus.jackson.map.introspect.NopAnnotationIntrospector instance -> instance
    34:34:boolean isHandled(java.lang.annotation.Annotation) -> isHandled
    45:45:java.lang.String findEnumValue(java.lang.Enum) -> findEnumValue
    56:56:java.lang.String findRootName(com.flurry.org.codehaus.jackson.map.introspect.AnnotatedClass) -> findRootName
    61:61:java.lang.String[] findPropertiesToIgnore(com.flurry.org.codehaus.jackson.map.introspect.AnnotatedClass) -> findPropertiesToIgnore
    66:66:java.lang.Boolean findIgnoreUnknownProperties(com.flurry.org.codehaus.jackson.map.introspect.AnnotatedClass) -> findIgnoreUnknownProperties
    77:77:boolean hasIgnoreMarker(com.flurry.org.codehaus.jackson.map.introspect.AnnotatedMember) -> hasIgnoreMarker
    88:88:boolean isIgnorableConstructor(com.flurry.org.codehaus.jackson.map.introspect.AnnotatedConstructor) -> isIgnorableConstructor
    93:93:boolean isIgnorableMethod(com.flurry.org.codehaus.jackson.map.introspect.AnnotatedMethod) -> isIgnorableMethod
    104:104:boolean isIgnorableField(com.flurry.org.codehaus.jackson.map.introspect.AnnotatedField) -> isIgnorableField
    115:115:java.lang.Object findSerializer(com.flurry.org.codehaus.jackson.map.introspect.Annotated) -> findSerializer
com.flurry.org.codehaus.jackson.map.introspect.POJOPropertiesCollector -> com.flurry.org.codehaus.jackson.map.introspect.POJOPropertiesCollector:
    com.flurry.org.codehaus.jackson.map.MapperConfig _config -> _config
    boolean _forSerialization -> _forSerialization
    com.flurry.org.codehaus.jackson.type.JavaType _type -> _type
    com.flurry.org.codehaus.jackson.map.introspect.AnnotatedClass _classDef -> _classDef
    com.flurry.org.codehaus.jackson.map.introspect.VisibilityChecker _visibilityChecker -> _visibilityChecker
    com.flurry.org.codehaus.jackson.map.AnnotationIntrospector _annotationIntrospector -> _annotationIntrospector
    java.util.LinkedHashMap _properties -> _properties
    java.util.LinkedList _creatorProperties -> _creatorProperties
    java.util.LinkedList _anyGetters -> _anyGetters
    java.util.LinkedList _anySetters -> _anySetters
    java.util.LinkedList _jsonValueGetters -> _jsonValueGetters
    java.util.Set _ignoredPropertyNames -> _ignoredPropertyNames
    java.util.Set _ignoredPropertyNamesForDeser -> _ignoredPropertyNamesForDeser
    java.util.LinkedHashMap _injectables -> _injectables
    125:125:com.flurry.org.codehaus.jackson.map.MapperConfig getConfig() -> getConfig
    129:129:com.flurry.org.codehaus.jackson.type.JavaType getType() -> getType
    133:133:com.flurry.org.codehaus.jackson.map.introspect.AnnotatedClass getClassDef() -> getClassDef