proguard/usage.txt
uk.co.armedpineapple.cth.BuildConfig
uk.co.armedpineapple.cth.Configuration:
    public static final int RESOLUTION_DEFAULT
    public static final int RESOLUTION_NATIVE
    public static final int RESOLUTION_CUSTOM
    public static final java.lang.String HEADER
    public static final java.lang.String SEPARATOR
    public static final java.lang.String UNICODE_PATH
    261:261:public java.lang.Boolean getGlobalAudio()
    277:277:public java.lang.Integer getMusicVol()
    281:281:public java.lang.Integer getAnnouncementsVol()
    285:285:public java.lang.Integer getSfxVol()
    289:289:public java.lang.String getLanguage()
    315:316:public void setCthPath(java.lang.String)
    319:320:public void setGlobalAudio(java.lang.Boolean)
    335:336:public void setMusicVol(java.lang.Integer)
    339:340:public void setAnnouncementsVol(java.lang.Integer)
    343:344:public void setSfxVol(java.lang.Integer)
    394:395:public void setSaveGamesPath(java.lang.String)
uk.co.armedpineapple.cth.ConfigurationException:
    private static final long serialVersionUID
uk.co.armedpineapple.cth.CorsixTHApplication:
    public static final java.lang.String PREFERENCES_KEY
uk.co.armedpineapple.cth.Files:
    128:128:public static java.lang.Boolean hasSoundFiles(java.lang.String)
    343:345:public static java.util.ArrayList listAssets(android.content.Context,java.lang.String)
    350:364:private static void listAssetsInternal(android.content.Context,java.lang.String,java.util.ArrayList)
uk.co.armedpineapple.cth.Files$CopyAssetsTask
uk.co.armedpineapple.cth.Files$DiscoverAssetsTask
uk.co.armedpineapple.cth.Network:
    13:13:public Network()
uk.co.armedpineapple.cth.R
uk.co.armedpineapple.cth.R$animator
uk.co.armedpineapple.cth.R$array
uk.co.armedpineapple.cth.R$attr
uk.co.armedpineapple.cth.R$color
uk.co.armedpineapple.cth.R$drawable
uk.co.armedpineapple.cth.R$id
uk.co.armedpineapple.cth.R$layout
uk.co.armedpineapple.cth.R$raw
uk.co.armedpineapple.cth.R$string
uk.co.armedpineapple.cth.R$style
uk.co.armedpineapple.cth.R$xml
uk.co.armedpineapple.cth.SDLActivity:
    private java.util.Properties properties
    private static int mGLMinor
    private static java.lang.Thread mAudioThread
    private static android.media.AudioTrack mAudioTrack
    private static java.lang.Object audioBuffer
    private static final java.lang.String ENGINE_ZIP_FILE
    public static native void nativeRunAudioThread()
    129:129:public static java.lang.String nativeGetGamePath()
    384:432:public static boolean initEGL(int,int)
    480:480:public static boolean createGLContext(int,int)
    484:485:public static void flipBuffers()
    490:506:public static void flipEGL()
    540:543:private void restartActivity()
    548:548:public static void setActivityTitle(java.lang.String)
    557:558:public static void sendCommand(int,int)
    561:562:public static void sendCommand(int)
    573:611:public static java.lang.Object audioInit(int,boolean,boolean,int)
    615:625:public static void audioStartThread()
    628:644:public static void audioWriteShortBuffer(short[])
    647:663:public static void audioWriteByteBuffer(byte[])
    666:682:public static void audioQuit()
    73:73:static synthetic android.media.AudioTrack access$4()
uk.co.armedpineapple.cth.SDLActivity$7
uk.co.armedpineapple.cth.SDLSurface:
    219:227:public void enableSensor(int,boolean)
uk.co.armedpineapple.cth.SideMenu
uk.co.armedpineapple.cth.dialogs.DialogFactory:
    25:25:public DialogFactory()
    179:179:public static android.app.Dialog createFromException(java.lang.Exception,android.content.Context,boolean)
uk.co.armedpineapple.cth.dialogs.MenuDialog:
    android.widget.ImageButton backButton
uk.co.armedpineapple.cth.gestures.TwoFingerGestureDetector:
    private static final float PRESSURE_THRESHOLD
    340:340:public long getEventTime()
...
android.support.v4.view.PagerTitleStrip$PageListener
android.support.v4.view.PagerTitleStrip$PagerTitleStripImpl
android.support.v4.view.PagerTitleStrip$PagerTitleStripImplBase
android.support.v4.view.PagerTitleStrip$PagerTitleStripImplIcs
android.support.v4.view.PagerTitleStripIcs
android.support.v4.view.PagerTitleStripIcs$SingleLineAllCapsTransform
android.support.v4.view.VelocityTrackerCompat:
    25:51:public VelocityTrackerCompat()
    91:91:public static float getYVelocity(android.view.VelocityTracker,int)
android.support.v4.view.VelocityTrackerCompat$BaseVelocityTrackerVersionImpl:
    44:44:public float getYVelocity(android.view.VelocityTracker,int)
android.support.v4.view.VelocityTrackerCompat$HoneycombVelocityTrackerVersionImpl:
    58:58:public float getYVelocity(android.view.VelocityTracker,int)
android.support.v4.view.VelocityTrackerCompat$VelocityTrackerVersionImpl:
    public abstract float getYVelocity(android.view.VelocityTracker,int)
android.support.v4.view.VelocityTrackerCompatHoneycomb:
    24:24:VelocityTrackerCompatHoneycomb()
    29:29:public static float getYVelocity(android.view.VelocityTracker,int)
android.support.v4.view.ViewCompat:
    public static final int OVER_SCROLL_ALWAYS
    public static final int OVER_SCROLL_IF_CONTENT_SCROLLS
    public static final int OVER_SCROLL_NEVER
    private static final long FAKE_FRAME_TIME
    public static final int IMPORTANT_FOR_ACCESSIBILITY_AUTO
    public static final int IMPORTANT_FOR_ACCESSIBILITY_YES
    public static final int IMPORTANT_FOR_ACCESSIBILITY_NO
    public static final int LAYER_TYPE_NONE
    public static final int LAYER_TYPE_SOFTWARE
    public static final int LAYER_TYPE_HARDWARE
    31:308:public ViewCompat()
    358:358:public static boolean canScrollVertically(android.view.View,int)
    387:388:public static void setOverScrollMode(android.view.View,int)
    424:425:public static void onPopulateAccessibilityEvent(android.view.View,android.view.accessibility.AccessibilityEvent)
    457:458:public static void onInitializeAccessibilityEvent(android.view.View,android.view.accessibility.AccessibilityEvent)
    493:494:public static void onInitializeAccessibilityNodeInfo(android.view.View,android.support.v4.view.accessibility.AccessibilityNodeInfoCompat)
    508:509:public static void setAccessibilityDelegate(android.view.View,android.support.v4.view.AccessibilityDelegateCompat)
    520:520:public static boolean hasTransientState(android.view.View)
    531:532:public static void setHasTransientState(android.view.View,boolean)